<?xml version="1.0" encoding="UTF-8"?>
<testsuite xmlns:xsi="http://www.w3.org/2001/XMLSchema-instance" xsi:noNamespaceSchemaLocation="https://maven.apache.org/surefire/maven-surefire-plugin/xsd/surefire-test-report-3.0.xsd" version="3.0" name="com.arturo.blog.BlogApplicationTests" time="8.05" tests="1" errors="0" skipped="0" failures="0">
  <properties>
[...]
</properties>
  <testcase name="contextLoads" classname="com.arturo.blog.BlogApplicationTests" time="0.62">
    <system-out><![CDATA[16:13:25.624 [main] INFO org.springframework.test.context.support.AnnotationConfigContextLoaderUtils -- Could not detect default configuration classes for test class [com.arturo.blog.BlogApplicationTests]: BlogApplicationTests does not declare any static, non-private, non-final, nested classes annotated with @Configuration.
16:13:25.774 [main] INFO org.springframework.boot.test.context.SpringBootTestContextBootstrapper -- Found @SpringBootConfiguration com.arturo.blog.BlogApplication for test class com.arturo.blog.BlogApplicationTests

  .   ____          _            __ _ _
 /\\ / ___'_ __ _ _(_)_ __  __ _ \ \ \ \
( ( )\___ | '_ | '_| | '_ \/ _` | \ \ \ \
 \\/  ___)| |_)| | | | | || (_| |  ) ) ) )
  '  |____| .__|_| |_|_| |_\__, | / / / /
 =========|_|==============|___/=/_/_/_/
 :: Spring Boot ::                (v3.2.6)

2024-05-28T16:13:26.414+02:00  INFO 5972 --- [blog] [           main] com.arturo.blog.BlogApplicationTests     : Starting BlogApplicationTests using Java 22.0.1 with PID 5972 (started by Sacro in C:\Users\Sacro\Desktop\Projectos Programacion\SpringBoot + React + MySQL- Blog\backend)
2024-05-28T16:13:26.423+02:00  INFO 5972 --- [blog] [           main] com.arturo.blog.BlogApplicationTests     : No active profile set, falling back to 1 default profile: "default"
2024-05-28T16:13:27.384+02:00  INFO 5972 --- [blog] [           main] .s.d.r.c.RepositoryConfigurationDelegate : Bootstrapping Spring Data JPA repositories in DEFAULT mode.
2024-05-28T16:13:27.464+02:00  INFO 5972 --- [blog] [           main] .s.d.r.c.RepositoryConfigurationDelegate : Finished Spring Data repository scanning in 67 ms. Found 2 JPA repository interfaces.
2024-05-28T16:13:28.044+02:00  INFO 5972 --- [blog] [           main] com.zaxxer.hikari.HikariDataSource       : HikariPool-1 - Starting...
2024-05-28T16:13:29.224+02:00  INFO 5972 --- [blog] [           main] com.zaxxer.hikari.pool.HikariPool        : HikariPool-1 - Added connection com.mysql.cj.jdbc.ConnectionImpl@67b61834
2024-05-28T16:13:29.224+02:00  INFO 5972 --- [blog] [           main] com.zaxxer.hikari.HikariDataSource       : HikariPool-1 - Start completed.
2024-05-28T16:13:29.634+02:00  INFO 5972 --- [blog] [           main] o.hibernate.jpa.internal.util.LogHelper  : HHH000204: Processing PersistenceUnitInfo [name: default]
2024-05-28T16:13:29.714+02:00  INFO 5972 --- [blog] [           main] org.hibernate.Version                    : HHH000412: Hibernate ORM core version 6.4.8.Final
2024-05-28T16:13:29.754+02:00  INFO 5972 --- [blog] [           main] o.h.c.internal.RegionFactoryInitiator    : HHH000026: Second-level cache disabled
2024-05-28T16:13:30.099+02:00  INFO 5972 --- [blog] [           main] o.s.o.j.p.SpringPersistenceUnitInfo      : No LoadTimeWeaver setup: ignoring JPA class transformer
2024-05-28T16:13:31.314+02:00  INFO 5972 --- [blog] [           main] o.h.e.t.j.p.i.JtaPlatformInitiator       : HHH000489: No JTA platform available (set 'hibernate.transaction.jta.platform' to enable JTA platform integration)
2024-05-28T16:13:31.324+02:00  INFO 5972 --- [blog] [           main] j.LocalContainerEntityManagerFactoryBean : Initialized JPA EntityManagerFactory for persistence unit 'default'
2024-05-28T16:13:31.974+02:00  WARN 5972 --- [blog] [           main] JpaBaseConfiguration$JpaWebConfiguration : spring.jpa.open-in-view is enabled by default. Therefore, database queries may be performed during view rendering. Explicitly configure spring.jpa.open-in-view to disable this warning
2024-05-28T16:13:32.394+02:00  INFO 5972 --- [blog] [           main] o.s.s.web.DefaultSecurityFilterChain     : Will secure any request with [org.springframework.security.web.session.DisableEncodeUrlFilter@3ef4a8fb, org.springframework.security.web.context.request.async.WebAsyncManagerIntegrationFilter@30f99ca1, org.springframework.security.web.context.SecurityContextHolderFilter@3e7fc07e, org.springframework.security.web.header.HeaderWriterFilter@2f3565c0, org.springframework.web.filter.CorsFilter@edb8f0c, org.springframework.security.web.authentication.logout.LogoutFilter@1013aa94, org.springframework.security.web.savedrequest.RequestCacheAwareFilter@1a61f634, org.springframework.security.web.servletapi.SecurityContextHolderAwareRequestFilter@20a2930f, org.springframework.security.web.authentication.AnonymousAuthenticationFilter@6f70015, org.springframework.security.web.session.SessionManagementFilter@759c53e5, org.springframework.security.web.access.ExceptionTranslationFilter@1259b2a5, org.springframework.security.web.access.intercept.AuthorizationFilter@3e0600a4]
2024-05-28T16:13:32.794+02:00  INFO 5972 --- [blog] [           main] com.arturo.blog.BlogApplicationTests     : Started BlogApplicationTests in 6.83 seconds (process running for 8.093)
]]></system-out>
    <system-err><![CDATA[WARNING: A Java agent has been loaded dynamically (C:\Users\Sacro\.m2\repository\net\bytebuddy\byte-buddy-agent\1.14.16\byte-buddy-agent-1.14.16.jar)
WARNING: If a serviceability tool is in use, please run with -XX:+EnableDynamicAgentLoading to hide this warning
WARNING: If a serviceability tool is not in use, please run with -Djdk.instrument.traceUsage for more information
WARNING: Dynamic loading of agents will be disallowed by default in a future release
]]></system-err>
  </testcase>
</testsuite>